2024-01-19T09:38:37.607Z ERROR: [tests/dummy/app/routes/docs/utils/in-array.js]
	RuntimeDataError: Could not find runtime data
2024-01-19T09:38:37.657Z ERROR: [tests/dummy/app/routes/docs/utils/readable-file-size.js]
	RuntimeDataError: Could not find runtime data
2024-01-19T09:38:37.684Z ERROR: [tests/dummy/app/routes/docs/utils/theme-icon.js]
	RuntimeDataError: Could not find runtime data
2024-01-19T09:38:37.751Z ERROR: [tests/dummy/app/routes/docs/utils/odd-or-even.js]
	RuntimeDataError: Could not find runtime data
2024-01-19T09:38:37.769Z ERROR: [tests/dummy/app/routes/docs/utils/robotise-string.js]
	RuntimeDataError: Could not find runtime data
2024-01-19T09:38:37.783Z ERROR: [tests/dummy/app/routes/docs/utils/theme-color-string.js]
	RuntimeDataError: Could not find runtime data
2024-01-19T09:38:38.099Z ERROR: [tests/dummy/app/components/ember-skeleton/loading-page.js]
	RuntimeDataError: Could not find runtime data
2024-01-19T09:38:38.291Z ERROR: [tests/dummy/app/controllers/docs/utils/readable-file-size.js]
	RuntimeDataError: Could not find runtime data
2024-01-19T09:38:38.229Z INFO: [tests/dummy/app/mixins/model-data/employee-levels.js]
	UNMODIFIED: Did not find any 'EmberObject.extend()' expressions
2024-01-19T09:38:38.284Z INFO: [tests/dummy/app/mixins/model-data/names-and-status-numbers.js]
	UNMODIFIED: Did not find any 'EmberObject.extend()' expressions
2024-01-19T09:38:38.302Z INFO: [tests/dummy/app/mixins/model-data/names-and-statuses-two.js]
	UNMODIFIED: Did not find any 'EmberObject.extend()' expressions
2024-01-19T09:38:38.324Z INFO: [tests/dummy/app/mixins/model-data/names-and-statuses.js]
	UNMODIFIED: Did not find any 'EmberObject.extend()' expressions
2024-01-19T09:38:38.336Z INFO: [tests/dummy/app/mixins/model-data/names.js]
	UNMODIFIED: Did not find any 'EmberObject.extend()' expressions
2024-01-19T09:38:38.358Z INFO: [tests/dummy/app/mixins/model-data/people-and-votes.js]
	UNMODIFIED: Did not find any 'EmberObject.extend()' expressions
2024-01-19T09:38:38.488Z ERROR: [tests/dummy/app/helpers/ember-skeleton/theme-color-stringzzz.js]
	RuntimeDataError: Could not find runtime data
2024-01-19T09:38:38.573Z INFO: [tests/dummy/app/mixins/model-data/filesizes.js]
	UNMODIFIED: Did not find any 'EmberObject.extend()' expressions
2024-01-19T09:38:38.374Z ERROR: [tests/dummy/app/controllers/docs/utils/robotise-string.js]
	RuntimeDataError: Could not find runtime data
2024-01-19T09:38:38.425Z ERROR: [tests/dummy/app/controllers/docs/utils/theme-color-string.js]
	RuntimeDataError: Could not find runtime data
2024-01-19T09:38:38.554Z ERROR: [tests/dummy/app/controllers/docs/utils/theme-icon.js]
	RuntimeDataError: Could not find runtime data
2024-01-19T09:38:38.595Z ERROR: [tests/dummy/app/routes/docs/helpers/array-join.js]
	RuntimeDataError: Could not find runtime data
2024-01-19T09:38:38.612Z ERROR: [tests/dummy/app/routes/docs/helpers/custom-inflector.js]
	RuntimeDataError: Could not find runtime data
2024-01-19T09:38:38.629Z ERROR: [tests/dummy/app/routes/docs/utility-components/material-card.js]
	RuntimeDataError: Could not find runtime data
2024-01-19T09:38:38.653Z ERROR: [tests/dummy/app/controllers/docs/utils/odd-or-even.js]
	RuntimeDataError: Could not find runtime data
2024-01-19T09:38:38.700Z ERROR: [tests/dummy/app/routes/docs/helpers/humanise-string.js]
	RuntimeDataError: Could not find runtime data
2024-01-19T09:38:38.921Z ERROR: [tests/dummy/app/routes/docs/default-options.js]
	RuntimeDataError: Could not find runtime data
2024-01-19T09:38:39.042Z ERROR: [tests/dummy/app/routes/docs/helpers/in-array.js]
	RuntimeDataError: Could not find runtime data
2024-01-19T09:38:39.091Z ERROR: [tests/dummy/app/routes/docs/helpers/odd-or-even.js]
	RuntimeDataError: Could not find runtime data
2024-01-19T09:38:39.126Z ERROR: [tests/dummy/app/routes/docs/helpers/readable-file-size.js]
	RuntimeDataError: Could not find runtime data
2024-01-19T09:38:39.159Z ERROR: [tests/dummy/app/routes/docs/helpers/robotise-string.js]
	RuntimeDataError: Could not find runtime data
2024-01-19T09:38:39.178Z ERROR: [tests/dummy/app/routes/docs/helpers/theme-color-string.js]
	RuntimeDataError: Could not find runtime data
2024-01-19T09:38:39.193Z ERROR: [tests/dummy/app/routes/docs/helpers/theme-icon.js]
	RuntimeDataError: Could not find runtime data
2024-01-19T09:38:39.207Z ERROR: [tests/dummy/app/routes/docs/utils/array-join.js]
	RuntimeDataError: Could not find runtime data
2024-01-19T09:38:39.219Z ERROR: [tests/dummy/app/routes/docs/utils/custom-inflector.js]
	RuntimeDataError: Could not find runtime data
2024-01-19T09:38:39.253Z ERROR: [tests/dummy/app/routes/docs/helpers/replace-string.js]
	RuntimeDataError: Could not find runtime data
2024-01-19T09:38:38.961Z ERROR: [tests/dummy/app/routes/docs/page-loading-state.js]
	RuntimeDataError: Could not find runtime data
2024-01-19T09:38:38.990Z ERROR: [tests/dummy/app/components/ember-skeleton/footer/footer-content.js]
	RuntimeDataError: Could not find runtime data
2024-01-19T09:38:39.005Z ERROR: [tests/dummy/app/components/svg/icons/icon-info.js]
	RuntimeDataError: Could not find runtime data
2024-01-19T09:38:39.052Z ERROR: [tests/dummy/app/controllers/docs/utils/array-join.js]
	RuntimeDataError: Could not find runtime data
2024-01-19T09:38:39.132Z ERROR: [tests/dummy/app/controllers/docs/utils/custom-inflector.js]
	RuntimeDataError: Could not find runtime data
2024-01-19T09:38:39.171Z ERROR: [tests/dummy/app/components/svg/icons/icon-alert.js]
	RuntimeDataError: Could not find runtime data
2024-01-19T09:38:39.241Z INFO: [tests/dummy/app/controllers/docs/utils/custom-sort-objects.js]
	UNMODIFIED: Did not find any 'EmberObject.extend()' expressions
2024-01-19T09:38:39.264Z ERROR: [tests/dummy/app/components/svg/icons/icon-tick.js]
	RuntimeDataError: Could not find runtime data
2024-01-19T09:38:39.301Z INFO: [tests/dummy/config/environment.js]
	UNMODIFIED: Did not find any 'EmberObject.extend()' expressions
2024-01-19T09:38:39.379Z ERROR: [tests/dummy/app/js-snippets/loading-state.js]
	RuntimeDataError: Could not find runtime data
2024-01-19T09:38:39.468Z ERROR: [tests/dummy/app/js-snippets/service-options.js]
	RuntimeDataError: Could not find runtime data
2024-01-19T09:38:39.492Z INFO: [tests/dummy/app/js-snippets/theme-color-string-defaults.js]
	UNMODIFIED: Did not find any 'EmberObject.extend()' expressions
2024-01-19T09:38:39.505Z INFO: [tests/dummy/app/js-snippets/theme-icon-defaults.js]
	UNMODIFIED: Did not find any 'EmberObject.extend()' expressions
2024-01-19T09:38:39.517Z ERROR: [tests/dummy/app/routes/sidebar-layout.js]
	RuntimeDataError: Could not find runtime data
2024-01-19T09:38:39.529Z ERROR: [tests/dummy/app/routes/theme-color-string-acceptance.js]
	RuntimeDataError: Could not find runtime data
2024-01-19T09:38:39.559Z ERROR: [tests/dummy/app/components/demos/theme-color-string-badges.js]
	RuntimeDataError: Could not find runtime data
2024-01-19T09:38:39.346Z INFO: [tests/dummy/app/resolver.js]
	UNMODIFIED: Did not find any 'EmberObject.extend()' expressions
2024-01-19T09:38:39.368Z ERROR: [tests/dummy/app/app.js]
	RuntimeDataError: Could not find runtime data
2024-01-19T09:38:39.450Z ERROR: [tests/dummy/app/router.js]
	RuntimeDataError: Could not find runtime data
2024-01-19T09:38:39.510Z ERROR: [tests/dummy/app/components/sample-content.js]
	RuntimeDataError: Could not find runtime data
2024-01-19T09:38:39.536Z INFO: [tests/dummy/config/targets.js]
	UNMODIFIED: Did not find any 'EmberObject.extend()' expressions
2024-01-19T09:38:39.560Z INFO: [tests/dummy/app/js-snippets/app-wide-options.js]
	UNMODIFIED: Did not find any 'EmberObject.extend()' expressions
2024-01-19T09:38:39.570Z INFO: [tests/dummy/app/js-snippets/addon-default-options.js]
	UNMODIFIED: Did not find any 'EmberObject.extend()' expressions
2024-01-19T09:38:39.585Z ERROR: [tests/dummy/app/components/main-nav-items.js]
	RuntimeDataError: Could not find runtime data
2024-01-19T09:38:39.587Z ERROR: [tests/dummy/app/routes/simple-layout.js]
	RuntimeDataError: Could not find runtime data
2024-01-19T09:38:39.604Z ERROR: [tests/dummy/app/routes/application.js]
	RuntimeDataError: Could not find runtime data
2024-01-19T09:43:44.362Z [warn] WARNING: {{yield}} was not converted as it has positional parameters which can't be automatically converted. Source: tests/dummy/app/templates/components/docs-demo.hbs
2024-01-19T09:43:44.480Z [warn] WARNING: {{docs-link}} was not converted as it has positional parameters which can't be automatically converted. Source: tests/dummy/app/templates/not-found.hbs
2024-01-19T09:43:44.507Z [warn] WARNING: {{ember-skeleton/sanitise-classname}} was not converted as it has positional parameters which can't be automatically converted. Source: tests/dummy/app/templates/sidebar-layout.hbs
2024-01-19T09:56:40.736Z [warn] WARNING: {{docs-link}} was not converted as it has positional parameters which can't be automatically converted. Source: tests/dummy/app/templates/not-found.hbs
2024-01-19T09:56:40.914Z [warn] WARNING: {{demo.snippet}} was not converted as it has positional parameters which can't be automatically converted. Source: tests/dummy/app/templates/docs/styles/card-box-shadow.hbs
2024-01-19T09:56:40.968Z [warn] WARNING: {{ember-skeleton/custom-inflector}} was not converted as it has positional parameters which can't be automatically converted. Source: tests/dummy/app/templates/docs/helpers/custom-inflector.hbs
2024-01-19T09:56:40.760Z [warn] WARNING: {{ember-skeleton/sanitise-classname}} was not converted as it has positional parameters which can't be automatically converted. Source: tests/dummy/app/templates/sidebar-layout.hbs
2024-01-19T09:56:40.807Z [warn] WARNING: {{yield}} was not converted as it has positional parameters which can't be automatically converted. Source: tests/dummy/app/templates/components/docs-demo.hbs
2024-01-19T09:56:41.069Z [warn] WARNING: {{demo.snippet}} was not converted as it has positional parameters which can't be automatically converted. Source: tests/dummy/app/templates/docs/utils/array-join.hbs
2024-01-19T09:56:41.111Z [warn] WARNING: {{ember-skeleton/theme-color-string}} was not converted as it has positional parameters which can't be automatically converted. Source: tests/dummy/app/templates/docs/default-options.hbs
2024-01-19T09:56:41.113Z [warn] WARNING: {{ember-skeleton/theme-color-string}} was not converted as it has positional parameters which can't be automatically converted. Source: tests/dummy/app/templates/docs/default-options.hbs
2024-01-19T09:56:41.114Z [warn] WARNING: {{ember-skeleton/theme-color-string}} was not converted as it has positional parameters which can't be automatically converted. Source: tests/dummy/app/templates/docs/default-options.hbs
2024-01-19T09:56:41.114Z [warn] WARNING: {{demo.snippet}} was not converted as it has positional parameters which can't be automatically converted. Source: tests/dummy/app/templates/docs/default-options.hbs
2024-01-19T09:56:41.117Z [warn] WARNING: {{demo.snippet}} was not converted as it has positional parameters which can't be automatically converted. Source: tests/dummy/app/templates/docs/default-options.hbs
2024-01-19T09:56:41.139Z [warn] WARNING: {{ember-skeleton/array-join}} was not converted as it has positional parameters which can't be automatically converted. Source: tests/dummy/app/templates/docs/helpers/array-join.hbs
2024-01-19T09:56:41.139Z [warn] WARNING: {{demo.snippet}} was not converted as it has positional parameters which can't be automatically converted. Source: tests/dummy/app/templates/docs/helpers/array-join.hbs
2024-01-19T09:56:41.140Z [warn] WARNING: {{demo.snippet}} was not converted as it has positional parameters which can't be automatically converted. Source: tests/dummy/app/templates/docs/helpers/array-join.hbs
2024-01-19T09:56:41.141Z [warn] WARNING: {{ember-skeleton/array-join}} was not converted as it has positional parameters which can't be automatically converted. Source: tests/dummy/app/templates/docs/helpers/array-join.hbs
2024-01-19T09:56:41.142Z [warn] WARNING: {{demo.snippet}} was not converted as it has positional parameters which can't be automatically converted. Source: tests/dummy/app/templates/docs/helpers/array-join.hbs
2024-01-19T09:56:41.142Z [warn] WARNING: {{demo.snippet}} was not converted as it has positional parameters which can't be automatically converted. Source: tests/dummy/app/templates/docs/helpers/array-join.hbs
2024-01-19T09:56:40.938Z [warn] WARNING: {{demo.snippet}} was not converted as it has positional parameters which can't be automatically converted. Source: tests/dummy/app/templates/docs/styles/miscellaneous.hbs
2024-01-19T09:56:41.014Z [warn] WARNING: {{demo.snippet}} was not converted as it has positional parameters which can't be automatically converted. Source: tests/dummy/app/templates/docs/styles/spacers.hbs
2024-01-19T09:56:41.016Z [warn] WARNING: {{demo.snippet}} was not converted as it has positional parameters which can't be automatically converted. Source: tests/dummy/app/templates/docs/styles/spacers.hbs
2024-01-19T09:56:41.018Z [warn] WARNING: {{demo.snippet}} was not converted as it has positional parameters which can't be automatically converted. Source: tests/dummy/app/templates/docs/styles/spacers.hbs
2024-01-19T09:56:41.020Z [warn] WARNING: {{demo.snippet}} was not converted as it has positional parameters which can't be automatically converted. Source: tests/dummy/app/templates/docs/styles/spacers.hbs
2024-01-19T09:56:41.021Z [warn] WARNING: {{demo.snippet}} was not converted as it has positional parameters which can't be automatically converted. Source: tests/dummy/app/templates/docs/styles/spacers.hbs
2024-01-19T09:56:41.023Z [warn] WARNING: {{demo.snippet}} was not converted as it has positional parameters which can't be automatically converted. Source: tests/dummy/app/templates/docs/styles/spacers.hbs
2024-01-19T09:56:41.025Z [warn] WARNING: {{demo.snippet}} was not converted as it has positional parameters which can't be automatically converted. Source: tests/dummy/app/templates/docs/styles/spacers.hbs
2024-01-19T09:56:41.027Z [warn] WARNING: {{demo.snippet}} was not converted as it has positional parameters which can't be automatically converted. Source: tests/dummy/app/templates/docs/styles/spacers.hbs
2024-01-19T09:56:41.029Z [warn] WARNING: {{demo.snippet}} was not converted as it has positional parameters which can't be automatically converted. Source: tests/dummy/app/templates/docs/styles/spacers.hbs
2024-01-19T09:56:41.032Z [warn] WARNING: {{demo.snippet}} was not converted as it has positional parameters which can't be automatically converted. Source: tests/dummy/app/templates/docs/styles/spacers.hbs
2024-01-19T09:56:41.033Z [warn] WARNING: {{demo.snippet}} was not converted as it has positional parameters which can't be automatically converted. Source: tests/dummy/app/templates/docs/styles/spacers.hbs
2024-01-19T09:56:41.034Z [warn] WARNING: {{demo.snippet}} was not converted as it has positional parameters which can't be automatically converted. Source: tests/dummy/app/templates/docs/styles/spacers.hbs
2024-01-19T09:56:41.035Z [warn] WARNING: {{demo.snippet}} was not converted as it has positional parameters which can't be automatically converted. Source: tests/dummy/app/templates/docs/styles/spacers.hbs
2024-01-19T09:56:41.036Z [warn] WARNING: {{demo.snippet}} was not converted as it has positional parameters which can't be automatically converted. Source: tests/dummy/app/templates/docs/styles/spacers.hbs
2024-01-19T09:56:41.269Z [warn] WARNING: {{demo.snippet}} was not converted as it has positional parameters which can't be automatically converted. Source: tests/dummy/app/templates/docs/styles/theme-color-variants.hbs
2024-01-19T09:56:41.274Z [warn] WARNING: {{demo.snippet}} was not converted as it has positional parameters which can't be automatically converted. Source: tests/dummy/app/templates/docs/styles/theme-color-variants.hbs
2024-01-19T09:56:41.277Z [warn] WARNING: {{demo.snippet}} was not converted as it has positional parameters which can't be automatically converted. Source: tests/dummy/app/templates/docs/styles/theme-color-variants.hbs
2024-01-19T09:56:41.289Z [warn] WARNING: {{demo.snippet}} was not converted as it has positional parameters which can't be automatically converted. Source: tests/dummy/app/templates/docs/styles/theme-color-variants.hbs
2024-01-19T09:56:41.292Z [warn] WARNING: {{demo.snippet}} was not converted as it has positional parameters which can't be automatically converted. Source: tests/dummy/app/templates/docs/styles/theme-color-variants.hbs
2024-01-19T09:56:41.293Z [warn] WARNING: {{demo.snippet}} was not converted as it has positional parameters which can't be automatically converted. Source: tests/dummy/app/templates/docs/styles/theme-color-variants.hbs
2024-01-19T09:56:41.294Z [warn] WARNING: {{demo.snippet}} was not converted as it has positional parameters which can't be automatically converted. Source: tests/dummy/app/templates/docs/styles/theme-color-variants.hbs
2024-01-19T09:56:41.298Z [warn] WARNING: {{demo.snippet}} was not converted as it has positional parameters which can't be automatically converted. Source: tests/dummy/app/templates/docs/styles/theme-color-variants.hbs
2024-01-19T09:56:41.301Z [warn] WARNING: {{demo.snippet}} was not converted as it has positional parameters which can't be automatically converted. Source: tests/dummy/app/templates/docs/styles/theme-color-variants.hbs
2024-01-19T09:56:41.303Z [warn] WARNING: {{demo.snippet}} was not converted as it has positional parameters which can't be automatically converted. Source: tests/dummy/app/templates/docs/styles/theme-color-variants.hbs
2024-01-19T09:56:41.305Z [warn] WARNING: {{demo.snippet}} was not converted as it has positional parameters which can't be automatically converted. Source: tests/dummy/app/templates/docs/styles/theme-color-variants.hbs
2024-01-19T09:56:41.306Z [warn] WARNING: {{demo.snippet}} was not converted as it has positional parameters which can't be automatically converted. Source: tests/dummy/app/templates/docs/styles/theme-color-variants.hbs
2024-01-19T09:56:41.308Z [warn] WARNING: {{demo.snippet}} was not converted as it has positional parameters which can't be automatically converted. Source: tests/dummy/app/templates/docs/styles/theme-color-variants.hbs
2024-01-19T09:56:41.311Z [warn] WARNING: {{demo.snippet}} was not converted as it has positional parameters which can't be automatically converted. Source: tests/dummy/app/templates/docs/styles/theme-color-variants.hbs
2024-01-19T09:56:41.313Z [warn] WARNING: {{demo.snippet}} was not converted as it has positional parameters which can't be automatically converted. Source: tests/dummy/app/templates/docs/styles/theme-color-variants.hbs
2024-01-19T09:56:41.328Z [warn] WARNING: {{demo.snippet}} was not converted as it has positional parameters which can't be automatically converted. Source: tests/dummy/app/templates/docs/styles/theme-colors.hbs
2024-01-19T09:56:41.369Z [warn] WARNING: {{demo.snippet}} was not converted as it has positional parameters which can't be automatically converted. Source: tests/dummy/app/templates/docs/utility-components/material-card.hbs
2024-01-19T09:56:41.374Z [warn] WARNING: {{demo.snippet}} was not converted as it has positional parameters which can't be automatically converted. Source: tests/dummy/app/templates/docs/utility-components/material-card.hbs
2024-01-19T09:56:41.375Z [warn] WARNING: {{demo.snippet}} was not converted as it has positional parameters which can't be automatically converted. Source: tests/dummy/app/templates/docs/utility-components/material-card.hbs
2024-01-19T09:56:41.376Z [warn] WARNING: {{demo.snippet}} was not converted as it has positional parameters which can't be automatically converted. Source: tests/dummy/app/templates/docs/utility-components/material-card.hbs
2024-01-19T09:56:41.376Z [warn] WARNING: {{demo.snippet}} was not converted as it has positional parameters which can't be automatically converted. Source: tests/dummy/app/templates/docs/utility-components/material-card.hbs
2024-01-19T09:56:41.378Z [warn] WARNING: {{demo.snippet}} was not converted as it has positional parameters which can't be automatically converted. Source: tests/dummy/app/templates/docs/utility-components/material-card.hbs
2024-01-19T09:56:41.378Z [warn] WARNING: {{demo.snippet}} was not converted as it has positional parameters which can't be automatically converted. Source: tests/dummy/app/templates/docs/utility-components/material-card.hbs
2024-01-19T09:56:41.380Z [warn] WARNING: {{demo.snippet}} was not converted as it has positional parameters which can't be automatically converted. Source: tests/dummy/app/templates/docs/utility-components/material-card.hbs
2024-01-19T09:56:41.380Z [warn] WARNING: {{demo.snippet}} was not converted as it has positional parameters which can't be automatically converted. Source: tests/dummy/app/templates/docs/utility-components/material-card.hbs
2024-01-19T09:56:41.072Z [warn] WARNING: {{demo.snippet}} was not converted as it has positional parameters which can't be automatically converted. Source: tests/dummy/app/templates/docs/utils/array-join.hbs
2024-01-19T09:56:41.072Z [warn] WARNING: {{demo.snippet}} was not converted as it has positional parameters which can't be automatically converted. Source: tests/dummy/app/templates/docs/utils/array-join.hbs
2024-01-19T09:56:41.120Z [warn] WARNING: {{demo.snippet}} was not converted as it has positional parameters which can't be automatically converted. Source: tests/dummy/app/templates/docs/utils/custom-inflector.hbs
2024-01-19T09:56:41.121Z [warn] WARNING: {{demo.snippet}} was not converted as it has positional parameters which can't be automatically converted. Source: tests/dummy/app/templates/docs/utils/custom-inflector.hbs
2024-01-19T09:56:41.121Z [warn] WARNING: {{demo.snippet}} was not converted as it has positional parameters which can't be automatically converted. Source: tests/dummy/app/templates/docs/utils/custom-inflector.hbs
2024-01-19T09:56:41.123Z [warn] WARNING: {{demo.snippet}} was not converted as it has positional parameters which can't be automatically converted. Source: tests/dummy/app/templates/docs/utils/custom-inflector.hbs
2024-01-19T09:56:41.123Z [warn] WARNING: {{demo.snippet}} was not converted as it has positional parameters which can't be automatically converted. Source: tests/dummy/app/templates/docs/utils/custom-inflector.hbs
2024-01-19T09:56:41.143Z [warn] WARNING: {{demo.snippet}} was not converted as it has positional parameters which can't be automatically converted. Source: tests/dummy/app/templates/docs/utils/readable-file-size.hbs
2024-01-19T09:56:41.143Z [warn] WARNING: {{demo.snippet}} was not converted as it has positional parameters which can't be automatically converted. Source: tests/dummy/app/templates/docs/utils/readable-file-size.hbs
2024-01-19T09:56:41.144Z [warn] WARNING: {{demo.snippet}} was not converted as it has positional parameters which can't be automatically converted. Source: tests/dummy/app/templates/docs/utils/readable-file-size.hbs
2024-01-19T09:56:41.158Z [warn] WARNING: {{demo.snippet}} was not converted as it has positional parameters which can't be automatically converted. Source: tests/dummy/app/templates/docs/utils/odd-or-even.hbs
2024-01-19T09:56:41.158Z [warn] WARNING: {{demo.snippet}} was not converted as it has positional parameters which can't be automatically converted. Source: tests/dummy/app/templates/docs/utils/odd-or-even.hbs
2024-01-19T09:56:41.158Z [warn] WARNING: {{demo.snippet}} was not converted as it has positional parameters which can't be automatically converted. Source: tests/dummy/app/templates/docs/utils/odd-or-even.hbs
2024-01-19T09:56:41.175Z [warn] WARNING: {{demo.snippet}} was not converted as it has positional parameters which can't be automatically converted. Source: tests/dummy/app/templates/docs/utils/robotise-string.hbs
2024-01-19T09:56:41.175Z [warn] WARNING: {{demo.snippet}} was not converted as it has positional parameters which can't be automatically converted. Source: tests/dummy/app/templates/docs/utils/robotise-string.hbs
2024-01-19T09:56:41.175Z [warn] WARNING: {{demo.snippet}} was not converted as it has positional parameters which can't be automatically converted. Source: tests/dummy/app/templates/docs/utils/robotise-string.hbs
2024-01-19T09:56:41.241Z [warn] WARNING: {{demo.snippet}} was not converted as it has positional parameters which can't be automatically converted. Source: tests/dummy/app/templates/docs/utils/theme-color-string.hbs
2024-01-19T09:56:41.241Z [warn] WARNING: {{demo.snippet}} was not converted as it has positional parameters which can't be automatically converted. Source: tests/dummy/app/templates/docs/utils/theme-color-string.hbs
2024-01-19T09:56:41.241Z [warn] WARNING: {{demo.snippet}} was not converted as it has positional parameters which can't be automatically converted. Source: tests/dummy/app/templates/docs/utils/theme-color-string.hbs
2024-01-19T09:56:41.244Z [warn] WARNING: {{demo.snippet}} was not converted as it has positional parameters which can't be automatically converted. Source: tests/dummy/app/templates/docs/utils/theme-color-string.hbs
2024-01-19T09:56:41.244Z [warn] WARNING: {{demo.snippet}} was not converted as it has positional parameters which can't be automatically converted. Source: tests/dummy/app/templates/docs/utils/theme-color-string.hbs
2024-01-19T09:56:41.245Z [warn] WARNING: {{demo.snippet}} was not converted as it has positional parameters which can't be automatically converted. Source: tests/dummy/app/templates/docs/utils/theme-color-string.hbs
2024-01-19T09:56:41.250Z [warn] WARNING: {{demo.snippet}} was not converted as it has positional parameters which can't be automatically converted. Source: tests/dummy/app/templates/docs/utils/theme-color-string.hbs
2024-01-19T09:56:41.250Z [warn] WARNING: {{demo.snippet}} was not converted as it has positional parameters which can't be automatically converted. Source: tests/dummy/app/templates/docs/utils/theme-color-string.hbs
2024-01-19T09:56:41.250Z [warn] WARNING: {{demo.snippet}} was not converted as it has positional parameters which can't be automatically converted. Source: tests/dummy/app/templates/docs/utils/theme-color-string.hbs
2024-01-19T09:56:41.252Z [warn] WARNING: {{demo.snippet}} was not converted as it has positional parameters which can't be automatically converted. Source: tests/dummy/app/templates/docs/utils/theme-color-string.hbs
2024-01-19T09:56:41.252Z [warn] WARNING: {{demo.snippet}} was not converted as it has positional parameters which can't be automatically converted. Source: tests/dummy/app/templates/docs/utils/theme-color-string.hbs
2024-01-19T09:56:41.254Z [warn] WARNING: {{demo.snippet}} was not converted as it has positional parameters which can't be automatically converted. Source: tests/dummy/app/templates/docs/utils/theme-color-string.hbs
2024-01-19T09:56:41.254Z [warn] WARNING: {{demo.snippet}} was not converted as it has positional parameters which can't be automatically converted. Source: tests/dummy/app/templates/docs/utils/theme-color-string.hbs
2024-01-19T09:56:40.970Z [warn] WARNING: {{demo.snippet}} was not converted as it has positional parameters which can't be automatically converted. Source: tests/dummy/app/templates/docs/helpers/custom-inflector.hbs
2024-01-19T09:56:40.971Z [warn] WARNING: {{demo.snippet}} was not converted as it has positional parameters which can't be automatically converted. Source: tests/dummy/app/templates/docs/helpers/custom-inflector.hbs
2024-01-19T09:56:40.973Z [warn] WARNING: {{ember-skeleton/custom-inflector}} was not converted as it has positional parameters which can't be automatically converted. Source: tests/dummy/app/templates/docs/helpers/custom-inflector.hbs
2024-01-19T09:56:40.974Z [warn] WARNING: {{demo.snippet}} was not converted as it has positional parameters which can't be automatically converted. Source: tests/dummy/app/templates/docs/helpers/custom-inflector.hbs
2024-01-19T09:56:40.974Z [warn] WARNING: {{demo.snippet}} was not converted as it has positional parameters which can't be automatically converted. Source: tests/dummy/app/templates/docs/helpers/custom-inflector.hbs
2024-01-19T09:56:41.006Z [warn] WARNING: {{ember-skeleton/humanise-string}} was not converted as it has positional parameters which can't be automatically converted. Source: tests/dummy/app/templates/docs/helpers/humanise-string.hbs
2024-01-19T09:56:41.006Z [warn] WARNING: {{ember-skeleton/humanise-string}} was not converted as it has positional parameters which can't be automatically converted. Source: tests/dummy/app/templates/docs/helpers/humanise-string.hbs
2024-01-19T09:56:41.006Z [warn] WARNING: {{ember-skeleton/humanise-string}} was not converted as it has positional parameters which can't be automatically converted. Source: tests/dummy/app/templates/docs/helpers/humanise-string.hbs
2024-01-19T09:56:41.006Z [warn] WARNING: {{ember-skeleton/humanise-string}} was not converted as it has positional parameters which can't be automatically converted. Source: tests/dummy/app/templates/docs/helpers/humanise-string.hbs
2024-01-19T09:56:41.006Z [warn] WARNING: {{demo.snippet}} was not converted as it has positional parameters which can't be automatically converted. Source: tests/dummy/app/templates/docs/helpers/humanise-string.hbs
2024-01-19T09:56:41.006Z [warn] WARNING: {{demo.snippet}} was not converted as it has positional parameters which can't be automatically converted. Source: tests/dummy/app/templates/docs/helpers/humanise-string.hbs
2024-01-19T09:56:41.042Z [warn] WARNING: {{ember-skeleton/in-array}} was not converted as it has positional parameters which can't be automatically converted. Source: tests/dummy/app/templates/docs/helpers/in-array.hbs
2024-01-19T09:56:41.042Z [warn] WARNING: {{ember-skeleton/in-array}} was not converted as it has positional parameters which can't be automatically converted. Source: tests/dummy/app/templates/docs/helpers/in-array.hbs
2024-01-19T09:56:41.042Z [warn] WARNING: {{ember-skeleton/in-array}} was not converted as it has positional parameters which can't be automatically converted. Source: tests/dummy/app/templates/docs/helpers/in-array.hbs
2024-01-19T09:56:41.043Z [warn] WARNING: {{demo.snippet}} was not converted as it has positional parameters which can't be automatically converted. Source: tests/dummy/app/templates/docs/helpers/in-array.hbs
2024-01-19T09:56:41.043Z [warn] WARNING: {{demo.snippet}} was not converted as it has positional parameters which can't be automatically converted. Source: tests/dummy/app/templates/docs/helpers/in-array.hbs
2024-01-19T09:56:41.054Z [warn] WARNING: {{ember-skeleton/odd-or-even}} was not converted as it has positional parameters which can't be automatically converted. Source: tests/dummy/app/templates/docs/helpers/odd-or-even.hbs
2024-01-19T09:56:41.054Z [warn] WARNING: {{demo.snippet}} was not converted as it has positional parameters which can't be automatically converted. Source: tests/dummy/app/templates/docs/helpers/odd-or-even.hbs
2024-01-19T09:56:41.055Z [warn] WARNING: {{demo.snippet}} was not converted as it has positional parameters which can't be automatically converted. Source: tests/dummy/app/templates/docs/helpers/odd-or-even.hbs
2024-01-19T09:56:41.072Z [warn] WARNING: {{ember-skeleton/readable-file-size}} was not converted as it has positional parameters which can't be automatically converted. Source: tests/dummy/app/templates/docs/helpers/readable-file-size.hbs
2024-01-19T09:56:41.072Z [warn] WARNING: {{demo.snippet}} was not converted as it has positional parameters which can't be automatically converted. Source: tests/dummy/app/templates/docs/helpers/readable-file-size.hbs
2024-01-19T09:56:41.072Z [warn] WARNING: {{demo.snippet}} was not converted as it has positional parameters which can't be automatically converted. Source: tests/dummy/app/templates/docs/helpers/readable-file-size.hbs
2024-01-19T09:56:41.074Z [warn] WARNING: {{ember-skeleton/readable-file-size}} was not converted as it has positional parameters which can't be automatically converted. Source: tests/dummy/app/templates/docs/helpers/readable-file-size.hbs
2024-01-19T09:56:41.074Z [warn] WARNING: {{demo.snippet}} was not converted as it has positional parameters which can't be automatically converted. Source: tests/dummy/app/templates/docs/helpers/readable-file-size.hbs
2024-01-19T09:56:41.166Z [warn] WARNING: {{ember-skeleton/replace-string}} was not converted as it has positional parameters which can't be automatically converted. Source: tests/dummy/app/templates/docs/helpers/replace-string.hbs
2024-01-19T09:56:41.166Z [warn] WARNING: {{demo.snippet}} was not converted as it has positional parameters which can't be automatically converted. Source: tests/dummy/app/templates/docs/helpers/replace-string.hbs
2024-01-19T09:56:41.166Z [warn] WARNING: {{demo.snippet}} was not converted as it has positional parameters which can't be automatically converted. Source: tests/dummy/app/templates/docs/helpers/replace-string.hbs
2024-01-19T09:56:41.170Z [warn] WARNING: {{ember-skeleton/replace-string}} was not converted as it has positional parameters which can't be automatically converted. Source: tests/dummy/app/templates/docs/helpers/replace-string.hbs
2024-01-19T09:56:41.170Z [warn] WARNING: {{demo.snippet}} was not converted as it has positional parameters which can't be automatically converted. Source: tests/dummy/app/templates/docs/helpers/replace-string.hbs
2024-01-19T09:56:41.170Z [warn] WARNING: {{demo.snippet}} was not converted as it has positional parameters which can't be automatically converted. Source: tests/dummy/app/templates/docs/helpers/replace-string.hbs
2024-01-19T09:56:41.173Z [warn] WARNING: {{ember-skeleton/replace-string}} was not converted as it has positional parameters which can't be automatically converted. Source: tests/dummy/app/templates/docs/helpers/replace-string.hbs
2024-01-19T09:56:41.173Z [warn] WARNING: {{demo.snippet}} was not converted as it has positional parameters which can't be automatically converted. Source: tests/dummy/app/templates/docs/helpers/replace-string.hbs
2024-01-19T09:56:41.173Z [warn] WARNING: {{demo.snippet}} was not converted as it has positional parameters which can't be automatically converted. Source: tests/dummy/app/templates/docs/helpers/replace-string.hbs
2024-01-19T09:56:41.177Z [warn] WARNING: {{ember-skeleton/replace-string}} was not converted as it has positional parameters which can't be automatically converted. Source: tests/dummy/app/templates/docs/helpers/replace-string.hbs
2024-01-19T09:56:41.177Z [warn] WARNING: {{demo.snippet}} was not converted as it has positional parameters which can't be automatically converted. Source: tests/dummy/app/templates/docs/helpers/replace-string.hbs
2024-01-19T09:56:41.177Z [warn] WARNING: {{demo.snippet}} was not converted as it has positional parameters which can't be automatically converted. Source: tests/dummy/app/templates/docs/helpers/replace-string.hbs
2024-01-19T09:56:41.180Z [warn] WARNING: {{ember-skeleton/replace-string}} was not converted as it has positional parameters which can't be automatically converted. Source: tests/dummy/app/templates/docs/helpers/replace-string.hbs
2024-01-19T09:56:41.180Z [warn] WARNING: {{demo.snippet}} was not converted as it has positional parameters which can't be automatically converted. Source: tests/dummy/app/templates/docs/helpers/replace-string.hbs
2024-01-19T09:56:41.180Z [warn] WARNING: {{demo.snippet}} was not converted as it has positional parameters which can't be automatically converted. Source: tests/dummy/app/templates/docs/helpers/replace-string.hbs
2024-01-19T09:56:41.183Z [warn] WARNING: {{ember-skeleton/replace-string}} was not converted as it has positional parameters which can't be automatically converted. Source: tests/dummy/app/templates/docs/helpers/replace-string.hbs
2024-01-19T09:56:41.183Z [warn] WARNING: {{demo.snippet}} was not converted as it has positional parameters which can't be automatically converted. Source: tests/dummy/app/templates/docs/helpers/replace-string.hbs
2024-01-19T09:56:41.183Z [warn] WARNING: {{demo.snippet}} was not converted as it has positional parameters which can't be automatically converted. Source: tests/dummy/app/templates/docs/helpers/replace-string.hbs
2024-01-19T09:56:41.198Z [warn] WARNING: {{ember-skeleton/robotise-string}} was not converted as it has positional parameters which can't be automatically converted. Source: tests/dummy/app/templates/docs/helpers/robotise-string.hbs
2024-01-19T09:56:41.198Z [warn] WARNING: {{ember-skeleton/robotise-string}} was not converted as it has positional parameters which can't be automatically converted. Source: tests/dummy/app/templates/docs/helpers/robotise-string.hbs
2024-01-19T09:56:41.198Z [warn] WARNING: {{demo.snippet}} was not converted as it has positional parameters which can't be automatically converted. Source: tests/dummy/app/templates/docs/helpers/robotise-string.hbs
2024-01-19T09:56:41.198Z [warn] WARNING: {{demo.snippet}} was not converted as it has positional parameters which can't be automatically converted. Source: tests/dummy/app/templates/docs/helpers/robotise-string.hbs
2024-01-19T09:56:41.291Z [warn] WARNING: {{demo.snippet}} was not converted as it has positional parameters which can't be automatically converted. Source: tests/dummy/app/templates/docs/helpers/theme-color-string.hbs
2024-01-19T09:56:41.294Z [warn] WARNING: {{demo.snippet}} was not converted as it has positional parameters which can't be automatically converted. Source: tests/dummy/app/templates/docs/helpers/theme-color-string.hbs
2024-01-19T09:56:41.298Z [warn] WARNING: {{demo.snippet}} was not converted as it has positional parameters which can't be automatically converted. Source: tests/dummy/app/templates/docs/helpers/theme-color-string.hbs
2024-01-19T09:56:41.298Z [warn] WARNING: {{demo.snippet}} was not converted as it has positional parameters which can't be automatically converted. Source: tests/dummy/app/templates/docs/helpers/theme-color-string.hbs
2024-01-19T09:56:41.301Z [warn] WARNING: {{ember-skeleton/theme-color-string}} was not converted as it has positional parameters which can't be automatically converted. Source: tests/dummy/app/templates/docs/helpers/theme-color-string.hbs
2024-01-19T09:56:41.301Z [warn] WARNING: {{demo.snippet}} was not converted as it has positional parameters which can't be automatically converted. Source: tests/dummy/app/templates/docs/helpers/theme-color-string.hbs
2024-01-19T09:56:41.302Z [warn] WARNING: {{demo.snippet}} was not converted as it has positional parameters which can't be automatically converted. Source: tests/dummy/app/templates/docs/helpers/theme-color-string.hbs
2024-01-19T09:56:41.305Z [warn] WARNING: {{ember-skeleton/theme-color-string}} was not converted as it has positional parameters which can't be automatically converted. Source: tests/dummy/app/templates/docs/helpers/theme-color-string.hbs
2024-01-19T09:56:41.305Z [warn] WARNING: {{demo.snippet}} was not converted as it has positional parameters which can't be automatically converted. Source: tests/dummy/app/templates/docs/helpers/theme-color-string.hbs
2024-01-19T09:56:41.308Z [warn] WARNING: {{demo.snippet}} was not converted as it has positional parameters which can't be automatically converted. Source: tests/dummy/app/templates/docs/helpers/theme-color-string.hbs
2024-01-19T09:56:41.311Z [warn] WARNING: {{ember-skeleton/theme-color-string}} was not converted as it has positional parameters which can't be automatically converted. Source: tests/dummy/app/templates/docs/helpers/theme-color-string.hbs
2024-01-19T09:56:41.311Z [warn] WARNING: {{demo.snippet}} was not converted as it has positional parameters which can't be automatically converted. Source: tests/dummy/app/templates/docs/helpers/theme-color-string.hbs
2024-01-19T09:56:41.311Z [warn] WARNING: {{demo.snippet}} was not converted as it has positional parameters which can't be automatically converted. Source: tests/dummy/app/templates/docs/helpers/theme-color-string.hbs
2024-01-19T09:56:41.313Z [warn] WARNING: {{ember-skeleton/theme-color-string}} was not converted as it has positional parameters which can't be automatically converted. Source: tests/dummy/app/templates/docs/helpers/theme-color-string.hbs
2024-01-19T09:56:41.313Z [warn] WARNING: {{demo.snippet}} was not converted as it has positional parameters which can't be automatically converted. Source: tests/dummy/app/templates/docs/helpers/theme-color-string.hbs
2024-01-19T09:56:41.315Z [warn] WARNING: {{ember-skeleton/theme-color-string}} was not converted as it has positional parameters which can't be automatically converted. Source: tests/dummy/app/templates/docs/helpers/theme-color-string.hbs
2024-01-19T09:56:41.315Z [warn] WARNING: {{demo.snippet}} was not converted as it has positional parameters which can't be automatically converted. Source: tests/dummy/app/templates/docs/helpers/theme-color-string.hbs
2024-01-19T09:56:41.711Z [warn] WARNING: {{demo.snippet}} was not converted as it has positional parameters which can't be automatically converted. Source: tests/dummy/app/templates/docs/layout-components/content-wrapper.hbs
2024-01-19T09:56:41.716Z [warn] WARNING: {{demo.snippet}} was not converted as it has positional parameters which can't be automatically converted. Source: tests/dummy/app/templates/docs/layout-components/content-wrapper.hbs
2024-01-19T09:56:41.763Z [warn] WARNING: {{demo.snippet}} was not converted as it has positional parameters which can't be automatically converted. Source: tests/dummy/app/templates/docs/main-page-layouts/panel-layout.hbs
2024-01-19T09:56:41.772Z [warn] WARNING: {{demo.snippet}} was not converted as it has positional parameters which can't be automatically converted. Source: tests/dummy/app/templates/docs/main-page-layouts/sidebar-layout.hbs
2024-01-19T09:56:41.797Z [warn] WARNING: {{demo.snippet}} was not converted as it has positional parameters which can't be automatically converted. Source: tests/dummy/app/templates/docs/styles/box-arrows.hbs
2024-01-19T09:56:41.799Z [warn] WARNING: {{demo.snippet}} was not converted as it has positional parameters which can't be automatically converted. Source: tests/dummy/app/templates/docs/styles/box-arrows.hbs
2024-01-19T09:56:41.844Z [warn] WARNING: {{demo.snippet}} was not converted as it has positional parameters which can't be automatically converted. Source: tests/dummy/app/templates/docs/styles/box-shadow-mixin.hbs
2024-01-19T09:56:41.844Z [warn] WARNING: {{demo.snippet}} was not converted as it has positional parameters which can't be automatically converted. Source: tests/dummy/app/templates/docs/styles/box-shadow-mixin.hbs
2024-01-19T09:56:41.845Z [warn] WARNING: {{demo.snippet}} was not converted as it has positional parameters which can't be automatically converted. Source: tests/dummy/app/templates/docs/styles/box-shadow-mixin.hbs
2024-01-19T09:56:41.846Z [warn] WARNING: {{demo.snippet}} was not converted as it has positional parameters which can't be automatically converted. Source: tests/dummy/app/templates/docs/styles/box-shadow-mixin.hbs
2024-01-19T09:56:41.848Z [warn] WARNING: {{demo.snippet}} was not converted as it has positional parameters which can't be automatically converted. Source: tests/dummy/app/templates/docs/styles/box-shadow-mixin.hbs
2024-01-19T09:56:41.848Z [warn] WARNING: {{demo.snippet}} was not converted as it has positional parameters which can't be automatically converted. Source: tests/dummy/app/templates/docs/styles/box-shadow-mixin.hbs
